2020-03-08 08:17:40.365405
Current key state is Locked
Successiful
Unlocked the key
2020-03-08 08:18:17.604565
Current key state is Unlocked
Successiful
Locked the key
2020-03-08 08:44:07.813611
Auto Close Card
Current key state is Locked
Express Card : the Key will be Locked Automatically
Unlocked the key
Open the door
distance = 11.6972923279
elapsed time = 2.00344514847
Close the door
Locked the key
distance = 3.55458259583
elapsed time = 4.10752415657
2020-03-08 08:44:16.708071
Auto Close Card
Current key state is Locked
Express Card : the Key will be Locked Automatically
Unlocked the key
Open the door
distance = 12.2241973877
elapsed time = 2.00347590446
Close the door
Locked the key
distance = 3.77345085144
elapsed time = 19.7246849537
2020-03-08 14:37:07.200726
Auto Close Card
Current key state is Locked
Express Card : the Key will be Locked Automatically
Unlocked the key
Open the door
distance = 41.8565273285
elapsed time = 2.00522303581
Close the door
Locked the key
distance = 3.75723838806
elapsed time = 4.00830411911
2020-03-08 15:12:00.565953
Current key state is Locked
Successiful
Unlocked the key
2020-03-08 15:12:39.565606
Current key state is Unlocked
Successiful
Locked the key
2020-03-08 17:35:38.953343
Auto Close Card
Current key state is Locked
Express Card : the Key will be Locked Automatically
Unlocked the key
Open the door
distance = 12.2039318085
elapsed time = 2.00348114967
Close the door
Locked the key
distance = 3.90720367432
elapsed time = 4.41134905815
2020-03-08 18:37:58.275619
Auto Close Card
Current key state is Locked
Express Card : the Key will be Locked Automatically
Unlocked the key
Open the door
distance = 12.6619338989
elapsed time = 2.00349712372
Close the door
Locked the key
distance = 3.82614135742
elapsed time = 5.2227230072
